<?xml version="1.0" encoding="UTF-8"?>
<!-- Generated by org.testng.reporters.JUnitReportReporter -->
<testsuite hostname="DESKTOP-GEN6HL4" failures="0" tests="4" name="Testng.Drivecar" time="0.014" errors="0" timestamp="2023-08-15T20:56:45 IST" skipped="1">
  <testcase classname="Testng.Drivecar" name="first" time="0.010"/>
  <system-out/>
  <testcase classname="Testng.Drivecar" name="sec" time="0.002"/>
  <system-out/>
  <testcase classname="Testng.Drivecar" name="fourth" time="0.002"/>
  <system-out/>
  <testcase classname="Testng.Drivecar" name="third">
    <skipped/>
  </testcase> <!-- third -->
  <system-out/>
</testsuite> <!-- Testng.Drivecar -->
