<?xml version="1.0" encoding="UTF-8"?>
<!-- Generated by org.testng.reporters.JUnitReportReporter -->
<testsuite hostname="DESKTOP-GEN6HL4" failures="0" tests="2" name="Testng.TestNG" time="0.013" errors="0" timestamp="2023-08-15T20:46:56 IST" skipped="0">
  <testcase classname="Testng.TestNG" name="f1" time="0.012"/>
  <system-out/>
  <testcase classname="Testng.TestNG" name="f2" time="0.001"/>
  <system-out/>
</testsuite> <!-- Testng.TestNG -->
