<?xml version="1.0" encoding="UTF-8"?>
<!-- Generated by org.testng.reporters.JUnitReportReporter -->
<testsuite hostname="DESKTOP-GEN6HL4" failures="0" tests="1" name="logintestcase.TestCase" time="77.565" errors="0" timestamp="2023-08-15T16:30:40 IST" skipped="0">
  <testcase classname="logintestcase.TestCase" name="f" time="77.565"/>
  <system-out/>
</testsuite> <!-- logintestcase.TestCase -->
