<?xml version="1.0" encoding="UTF-8"?>
<!-- Generated by org.testng.reporters.JUnitReportReporter -->
<testsuite hostname="DESKTOP-GEN6HL4" failures="0" tests="2" name="Testng.TestNG" time="0.006" errors="0" timestamp="2023-08-20T18:57:46 IST" skipped="0">
  <testcase classname="Testng.TestNG" name="f1" time="0.003"/>
  <testcase classname="Testng.TestNG" name="f2" time="0.003"/>
</testsuite> <!-- Testng.TestNG -->
